[debug] [2022-09-01T14:24:28.490Z] ----------------------------------------------------------------------
[debug] [2022-09-01T14:24:28.494Z] Command:       C:\Program Files\nodejs\node.exe C:\Users\lemas\AppData\Roaming\npm\node_modules\firebase-tools\lib\bin\firebase.js init
[debug] [2022-09-01T14:24:28.495Z] CLI Version:   11.8.0
[debug] [2022-09-01T14:24:28.495Z] Platform:      win32
[debug] [2022-09-01T14:24:28.495Z] Node Version:  v16.15.0
[debug] [2022-09-01T14:24:28.497Z] Time:          Thu Sep 01 2022 21:24:28 GMT+0700 (เวลาอินโดจีน)
[debug] [2022-09-01T14:24:28.498Z] ----------------------------------------------------------------------
[debug] 
[debug] [2022-09-01T14:24:28.503Z] >>> [apiv2][query] GET https://firebase-public.firebaseio.com/cli.json [none]
[debug] [2022-09-01T14:24:28.540Z] > command requires scopes: ["email","openid","https://www.googleapis.com/auth/cloudplatformprojects.readonly","https://www.googleapis.com/auth/firebase","https://www.googleapis.com/auth/cloud-platform"]
[debug] [2022-09-01T14:24:28.540Z] > authorizing via signed-in user (17997@wpm.pnru.ac.th)
[info] 
     ######## #### ########  ######## ########     ###     ######  ########
     ##        ##  ##     ## ##       ##     ##  ##   ##  ##       ##
     ######    ##  ########  ######   ########  #########  ######  ######
     ##        ##  ##    ##  ##       ##     ## ##     ##       ## ##
     ##       #### ##     ## ######## ########  ##     ##  ######  ########

You're about to initialize a Firebase project in this directory:

  D:\coolkidssatit

[debug] [2022-09-01T14:24:29.127Z] <<< [apiv2][status] GET https://firebase-public.firebaseio.com/cli.json 200
[debug] [2022-09-01T14:24:29.127Z] <<< [apiv2][body] GET https://firebase-public.firebaseio.com/cli.json {"cloudBuildErrorAfter":1594252800000,"cloudBuildWarnAfter":1590019200000,"defaultNode10After":1594252800000,"minVersion":"3.0.5","node8DeploysDisabledAfter":1613390400000,"node8RuntimeDisabledAfter":1615809600000,"node8WarnAfter":1600128000000}
